TN:
SF:src\modules\appointments\services\CreateAppointmentService.ts
FN:43,Object.<anonymous>
FN:43,Object.<anonymous>.__decorate
FN:43,Object.<anonymous>.__metadata
FN:43,Object.<anonymous>.__param
FN:43,Object.<anonymous>.__awaiter
FN:43,adopt
FN:43,fulfilled
FN:43,rejected
FN:43,step
FN:43,Object.<anonymous>.__generator
FN:43,sent
FN:43,g.<computed>
FN:43,verb
FN:43,step
FN:43,Object.<anonymous>.__importDefault
FN:18,CreateAppointmentService
FN:24,Object.<anonymous>.CreateAppointmentService.execute
FNF:17
FNH:15
FNDA:1,Object.<anonymous>
FNDA:1,Object.<anonymous>.__decorate
FNDA:1,Object.<anonymous>.__metadata
FNDA:1,Object.<anonymous>.__param
FNDA:3,Object.<anonymous>.__awaiter
FNDA:5,adopt
FNDA:5,fulfilled
FNDA:0,rejected
FNDA:7,step
FNDA:3,Object.<anonymous>.__generator
FNDA:5,sent
FNDA:0,g.<computed>
FNDA:9,verb
FNDA:8,step
FNDA:1,Object.<anonymous>.__importDefault
FNDA:2,CreateAppointmentService
FNDA:3,Object.<anonymous>.CreateAppointmentService.execute
DA:1,1
DA:2,1
DA:3,1
DA:4,1
DA:5,1
DA:6,1
DA:7,1
DA:8,1
DA:9,1
DA:10,1
DA:11,1
DA:12,1
DA:13,1
DA:14,1
DA:15,1
DA:16,1
DA:17,1
DA:18,1
DA:19,2
DA:20,2
DA:21,2
DA:22,1
DA:23,1
DA:24,1
DA:25,3
DA:26,3
DA:27,3
DA:28,3
DA:29,3
DA:30,3
DA:31,3
DA:32,1
DA:33,1
DA:34,2
DA:35,2
DA:36,2
DA:37,2
DA:38,2
DA:39,3
DA:40,3
DA:41,3
DA:42,1
DA:43,1
LF:43
LH:43
BRDA:43,0,0,1
BRDA:43,1,0,1
BRDA:43,2,0,1
BRDA:43,3,0,0
BRDA:43,4,0,0
BRDA:43,5,0,0
BRDA:43,6,0,0
BRDA:43,7,0,1
BRDA:43,8,0,1
BRDA:43,9,0,1
BRDA:43,10,0,3
BRDA:43,11,0,5
BRDA:43,12,0,0
BRDA:43,13,0,3
BRDA:43,14,0,5
BRDA:43,15,0,4
BRDA:43,16,0,1
BRDA:43,17,0,7
BRDA:43,18,0,2
BRDA:43,19,0,5
BRDA:43,20,0,3
BRDA:43,21,0,5
BRDA:43,22,0,0
BRDA:43,23,0,9
BRDA:43,24,0,8
BRDA:43,25,0,8
BRDA:43,26,0,0
BRDA:43,27,0,16
BRDA:43,28,0,0
BRDA:43,29,0,0
BRDA:43,30,0,0
BRDA:43,31,0,0
BRDA:43,32,0,8
BRDA:43,33,0,8
BRDA:43,34,0,5
BRDA:43,35,0,0
BRDA:43,36,0,0
BRDA:43,37,0,3
BRDA:43,38,0,0
BRDA:43,39,0,2
BRDA:43,40,0,0
BRDA:43,41,0,0
BRDA:43,42,0,0
BRDA:43,43,0,0
BRDA:43,44,0,8
BRDA:43,45,0,7
BRDA:43,46,0,1
BRDA:43,47,0,8
BRDA:43,48,0,3
BRDA:43,49,0,1
BRDA:43,50,0,2
BRDA:43,51,0,0
BRDA:43,52,0,1
BRDA:43,53,0,0
BRDA:16,54,0,1
BRDA:18,55,0,2
BRDA:24,56,0,3
BRDA:43,57,0,3
BRDA:43,58,0,8
BRDA:43,59,0,3
BRDA:43,60,0,3
BRDA:31,61,0,1
BRDA:33,62,0,2
BRDA:43,63,0,2
BRF:64
BRH:44
end_of_record
TN:
SF:src\modules\users\services\AuthUserService.ts
FN:61,Object.<anonymous>
FN:61,Object.<anonymous>.__decorate
FN:61,Object.<anonymous>.__metadata
FN:61,Object.<anonymous>.__param
FN:61,Object.<anonymous>.__awaiter
FN:61,adopt
FN:61,fulfilled
FN:61,rejected
FN:61,step
FN:61,Object.<anonymous>.__generator
FN:61,sent
FN:61,g.<computed>
FN:61,verb
FN:61,step
FN:61,Object.<anonymous>.__importDefault
FN:21,AuthUserService
FN:29,Object.<anonymous>.AuthUserService.execute
FNF:17
FNH:15
FNDA:1,Object.<anonymous>
FNDA:1,Object.<anonymous>.__decorate
FNDA:1,Object.<anonymous>.__metadata
FNDA:2,Object.<anonymous>.__param
FNDA:3,Object.<anonymous>.__awaiter
FNDA:5,adopt
FNDA:5,fulfilled
FNDA:0,rejected
FNDA:6,step
FNDA:3,Object.<anonymous>.__generator
FNDA:5,sent
FNDA:0,g.<computed>
FNDA:9,verb
FNDA:8,step
FNDA:2,Object.<anonymous>.__importDefault
FNDA:3,AuthUserService
FNDA:3,Object.<anonymous>.AuthUserService.execute
DA:1,1
DA:2,1
DA:3,1
DA:4,1
DA:5,1
DA:6,1
DA:7,1
DA:8,1
DA:9,1
DA:10,1
DA:11,1
DA:12,1
DA:13,1
DA:14,1
DA:15,1
DA:16,1
DA:17,1
DA:18,1
DA:19,1
DA:20,1
DA:21,1
DA:22,3
DA:23,3
DA:24,3
DA:25,3
DA:26,3
DA:27,3
DA:28,1
DA:29,1
DA:30,3
DA:31,3
DA:32,3
DA:33,1
DA:34,1
DA:35,2
DA:36,2
DA:37,2
DA:38,2
DA:39,2
DA:40,2
DA:41,2
DA:42,3
DA:43,3
DA:44,1
DA:45,1
DA:46,1
DA:47,1
DA:48,1
DA:49,1
DA:50,1
DA:51,1
DA:52,1
DA:53,1
DA:54,1
DA:55,1
DA:56,1
DA:57,1
DA:58,3
DA:59,1
DA:60,1
DA:61,1
LF:61
LH:61
BRDA:61,0,0,1
BRDA:61,1,0,1
BRDA:61,2,0,1
BRDA:61,3,0,0
BRDA:61,4,0,0
BRDA:61,5,0,0
BRDA:61,6,0,0
BRDA:61,7,0,1
BRDA:61,8,0,2
BRDA:61,9,0,2
BRDA:61,10,0,3
BRDA:61,11,0,5
BRDA:61,12,0,0
BRDA:61,13,0,3
BRDA:61,14,0,5
BRDA:61,15,0,3
BRDA:61,16,0,2
BRDA:61,17,0,6
BRDA:61,18,0,1
BRDA:61,19,0,5
BRDA:61,20,0,3
BRDA:61,21,0,5
BRDA:61,22,0,0
BRDA:61,23,0,9
BRDA:61,24,0,8
BRDA:61,25,0,8
BRDA:61,26,0,0
BRDA:61,27,0,16
BRDA:61,28,0,0
BRDA:61,29,0,0
BRDA:61,30,0,0
BRDA:61,31,0,0
BRDA:61,32,0,8
BRDA:61,33,0,8
BRDA:61,34,0,5
BRDA:61,35,0,0
BRDA:61,36,0,0
BRDA:61,37,0,3
BRDA:61,38,0,0
BRDA:61,39,0,1
BRDA:61,40,0,0
BRDA:61,41,0,0
BRDA:61,42,0,0
BRDA:61,43,0,0
BRDA:61,44,0,8
BRDA:61,45,0,6
BRDA:61,46,0,2
BRDA:61,47,0,8
BRDA:61,48,0,3
BRDA:61,49,0,2
BRDA:61,50,0,1
BRDA:61,51,0,0
BRDA:61,52,0,2
BRDA:61,53,0,0
BRDA:20,54,0,1
BRDA:21,55,0,3
BRDA:29,56,0,3
BRDA:61,57,0,3
BRDA:61,58,0,8
BRDA:30,59,0,3
BRDA:61,60,0,3
BRDA:32,61,0,1
BRDA:34,62,0,2
BRDA:61,63,0,2
BRDA:43,64,0,1
BRF:65
BRH:45
end_of_record
TN:
SF:src\modules\users\services\CreateUserService.ts
FN:42,Object.<anonymous>
FN:42,Object.<anonymous>.__decorate
FN:42,Object.<anonymous>.__metadata
FN:42,Object.<anonymous>.__param
FN:42,Object.<anonymous>.__awaiter
FN:42,adopt
FN:42,fulfilled
FN:42,rejected
FN:42,step
FN:42,Object.<anonymous>.__generator
FN:42,sent
FN:42,g.<computed>
FN:42,verb
FN:42,step
FN:42,Object.<anonymous>.__importDefault
FN:15,CreateUserService
FN:23,Object.<anonymous>.CreateUserService.execute
FNF:17
FNH:15
FNDA:1,Object.<anonymous>
FNDA:1,Object.<anonymous>.__decorate
FNDA:1,Object.<anonymous>.__metadata
FNDA:2,Object.<anonymous>.__param
FNDA:2,Object.<anonymous>.__awaiter
FNDA:4,adopt
FNDA:4,fulfilled
FNDA:0,rejected
FNDA:6,step
FNDA:2,Object.<anonymous>.__generator
FNDA:4,sent
FNDA:0,g.<computed>
FNDA:6,verb
FNDA:6,step
FNDA:1,Object.<anonymous>.__importDefault
FNDA:2,CreateUserService
FNDA:2,Object.<anonymous>.CreateUserService.execute
DA:1,1
DA:2,1
DA:3,1
DA:4,1
DA:5,1
DA:6,1
DA:7,1
DA:8,1
DA:9,1
DA:10,1
DA:11,1
DA:12,1
DA:13,1
DA:14,1
DA:15,1
DA:16,2
DA:17,2
DA:18,2
DA:19,2
DA:20,2
DA:21,2
DA:22,1
DA:23,1
DA:24,2
DA:25,2
DA:26,2
DA:27,0
DA:28,0
DA:29,2
DA:30,2
DA:31,2
DA:32,2
DA:33,2
DA:34,2
DA:35,2
DA:36,2
DA:37,2
DA:38,2
DA:39,2
DA:40,1
DA:41,1
DA:42,1
LF:42
LH:40
BRDA:42,0,0,1
BRDA:42,1,0,1
BRDA:42,2,0,1
BRDA:42,3,0,0
BRDA:42,4,0,0
BRDA:42,5,0,0
BRDA:42,6,0,0
BRDA:42,7,0,1
BRDA:42,8,0,2
BRDA:42,9,0,2
BRDA:42,10,0,2
BRDA:42,11,0,4
BRDA:42,12,0,0
BRDA:42,13,0,2
BRDA:42,14,0,4
BRDA:42,15,0,0
BRDA:42,16,0,6
BRDA:42,17,0,2
BRDA:42,18,0,4
BRDA:42,19,0,2
BRDA:42,20,0,4
BRDA:42,21,0,0
BRDA:42,22,0,6
BRDA:42,23,0,6
BRDA:42,24,0,6
BRDA:42,25,0,0
BRDA:42,26,0,12
BRDA:42,27,0,0
BRDA:42,28,0,0
BRDA:42,29,0,0
BRDA:42,30,0,0
BRDA:42,31,0,6
BRDA:42,32,0,6
BRDA:42,33,0,4
BRDA:42,34,0,0
BRDA:42,35,0,0
BRDA:42,36,0,2
BRDA:42,37,0,0
BRDA:42,38,0,0
BRDA:42,39,0,0
BRDA:42,40,0,0
BRDA:42,41,0,0
BRDA:42,42,0,6
BRDA:42,43,0,0
BRDA:42,44,0,6
BRDA:42,45,0,2
BRDA:42,46,0,0
BRDA:42,47,0,2
BRDA:42,48,0,0
BRDA:42,49,0,1
BRDA:42,50,0,0
BRDA:14,51,0,1
BRDA:15,52,0,2
BRDA:23,53,0,2
BRDA:42,54,0,2
BRDA:42,55,0,6
BRDA:24,56,0,2
BRDA:42,57,0,2
BRDA:26,58,0,0
BRDA:42,59,0,2
BRF:60
BRH:36
end_of_record
TN:
SF:src\modules\users\services\UpdateUserAvatarService.ts
FN:49,Object.<anonymous>
FN:49,Object.<anonymous>.__decorate
FN:49,Object.<anonymous>.__metadata
FN:49,Object.<anonymous>.__param
FN:49,Object.<anonymous>.__awaiter
FN:49,adopt
FN:49,fulfilled
FN:49,rejected
FN:49,step
FN:49,Object.<anonymous>.__generator
FN:49,sent
FN:49,g.<computed>
FN:49,verb
FN:49,step
FN:49,Object.<anonymous>.__importDefault
FN:17,UpdateUserAvatarService
FN:25,Object.<anonymous>.UpdateUserAvatarService.excecute
FNF:17
FNH:15
FNDA:1,Object.<anonymous>
FNDA:1,Object.<anonymous>.__decorate
FNDA:1,Object.<anonymous>.__metadata
FNDA:2,Object.<anonymous>.__param
FNDA:4,Object.<anonymous>.__awaiter
FNDA:11,adopt
FNDA:11,fulfilled
FNDA:0,rejected
FNDA:14,step
FNDA:4,Object.<anonymous>.__generator
FNDA:11,sent
FNDA:0,g.<computed>
FNDA:12,verb
FNDA:15,step
FNDA:1,Object.<anonymous>.__importDefault
FNDA:3,UpdateUserAvatarService
FNDA:4,Object.<anonymous>.UpdateUserAvatarService.excecute
DA:1,1
DA:2,1
DA:3,1
DA:4,1
DA:5,1
DA:6,1
DA:7,1
DA:8,1
DA:9,1
DA:10,1
DA:11,1
DA:12,1
DA:13,1
DA:14,1
DA:15,1
DA:16,1
DA:17,1
DA:18,3
DA:19,3
DA:20,3
DA:21,3
DA:22,3
DA:23,3
DA:24,1
DA:25,1
DA:26,4
DA:27,4
DA:28,4
DA:29,1
DA:30,1
DA:31,3
DA:32,3
DA:33,3
DA:34,1
DA:35,4
DA:36,4
DA:37,4
DA:38,4
DA:39,4
DA:40,4
DA:41,4
DA:42,4
DA:43,4
DA:44,4
DA:45,4
DA:46,4
DA:47,1
DA:48,1
DA:49,1
LF:49
LH:49
BRDA:49,0,0,1
BRDA:49,1,0,1
BRDA:49,2,0,1
BRDA:49,3,0,0
BRDA:49,4,0,0
BRDA:49,5,0,0
BRDA:49,6,0,0
BRDA:49,7,0,1
BRDA:49,8,0,2
BRDA:49,9,0,2
BRDA:49,10,0,4
BRDA:49,11,0,11
BRDA:49,12,0,0
BRDA:49,13,0,4
BRDA:49,14,0,11
BRDA:49,15,0,10
BRDA:49,16,0,1
BRDA:49,17,0,14
BRDA:49,18,0,3
BRDA:49,19,0,11
BRDA:49,20,0,4
BRDA:49,21,0,11
BRDA:49,22,0,0
BRDA:49,23,0,12
BRDA:49,24,0,15
BRDA:49,25,0,15
BRDA:49,26,0,0
BRDA:49,27,0,32
BRDA:49,28,0,0
BRDA:49,29,0,0
BRDA:49,30,0,0
BRDA:49,31,0,0
BRDA:49,32,0,15
BRDA:49,33,0,15
BRDA:49,34,0,11
BRDA:49,35,0,0
BRDA:49,36,0,0
BRDA:49,37,0,6
BRDA:49,38,0,0
BRDA:49,39,0,5
BRDA:49,40,0,4
BRDA:49,41,0,2
BRDA:49,42,0,0
BRDA:49,43,0,2
BRDA:49,44,0,0
BRDA:49,45,0,0
BRDA:49,46,0,0
BRDA:49,47,0,17
BRDA:49,48,0,16
BRDA:49,49,0,1
BRDA:49,50,0,17
BRDA:49,51,0,4
BRDA:49,52,0,1
BRDA:49,53,0,3
BRDA:49,54,0,0
BRDA:49,55,0,1
BRDA:49,56,0,0
BRDA:16,57,0,1
BRDA:17,58,0,3
BRDA:25,59,0,4
BRDA:49,60,0,4
BRDA:49,61,0,17
BRDA:26,62,0,4
BRDA:49,63,0,4
BRDA:28,64,0,1
BRDA:30,65,0,3
BRDA:33,66,0,2
BRDA:33,67,0,1
BRDA:49,68,0,1
BRDA:37,69,0,3
BRDA:49,70,0,3
BRDA:49,71,0,3
BRF:72
BRH:52
end_of_record
