TN:
SF:src\modules\appointments\services\CreateAppointmentService.ts
FN:43,Object.<anonymous>
FN:43,Object.<anonymous>.__decorate
FN:43,Object.<anonymous>.__metadata
FN:43,Object.<anonymous>.__param
FN:43,Object.<anonymous>.__awaiter
FN:43,adopt
FN:43,fulfilled
FN:43,rejected
FN:43,step
FN:43,Object.<anonymous>.__generator
FN:43,sent
FN:43,g.<computed>
FN:43,verb
FN:43,step
FN:43,Object.<anonymous>.__importDefault
FN:18,CreateAppointmentService
FN:24,Object.<anonymous>.CreateAppointmentService.execute
FNF:17
FNH:15
FNDA:1,Object.<anonymous>
FNDA:1,Object.<anonymous>.__decorate
FNDA:1,Object.<anonymous>.__metadata
FNDA:1,Object.<anonymous>.__param
FNDA:3,Object.<anonymous>.__awaiter
FNDA:5,adopt
FNDA:5,fulfilled
FNDA:0,rejected
FNDA:7,step
FNDA:3,Object.<anonymous>.__generator
FNDA:5,sent
FNDA:0,g.<computed>
FNDA:9,verb
FNDA:8,step
FNDA:1,Object.<anonymous>.__importDefault
FNDA:2,CreateAppointmentService
FNDA:3,Object.<anonymous>.CreateAppointmentService.execute
DA:1,1
DA:2,1
DA:3,1
DA:4,1
DA:5,1
DA:6,1
DA:7,1
DA:8,1
DA:9,1
DA:10,1
DA:11,1
DA:12,1
DA:13,1
DA:14,1
DA:15,1
DA:16,1
DA:17,1
DA:18,1
DA:19,2
DA:20,2
DA:21,2
DA:22,1
DA:23,1
DA:24,1
DA:25,3
DA:26,3
DA:27,3
DA:28,3
DA:29,3
DA:30,3
DA:31,3
DA:32,1
DA:33,1
DA:34,2
DA:35,2
DA:36,2
DA:37,2
DA:38,2
DA:39,3
DA:40,3
DA:41,3
DA:42,1
DA:43,1
LF:43
LH:43
BRDA:43,0,0,1
BRDA:43,1,0,1
BRDA:43,2,0,1
BRDA:43,3,0,0
BRDA:43,4,0,0
BRDA:43,5,0,0
BRDA:43,6,0,0
BRDA:43,7,0,1
BRDA:43,8,0,1
BRDA:43,9,0,1
BRDA:43,10,0,3
BRDA:43,11,0,5
BRDA:43,12,0,0
BRDA:43,13,0,3
BRDA:43,14,0,5
BRDA:43,15,0,4
BRDA:43,16,0,1
BRDA:43,17,0,7
BRDA:43,18,0,2
BRDA:43,19,0,5
BRDA:43,20,0,3
BRDA:43,21,0,5
BRDA:43,22,0,0
BRDA:43,23,0,9
BRDA:43,24,0,8
BRDA:43,25,0,8
BRDA:43,26,0,0
BRDA:43,27,0,16
BRDA:43,28,0,0
BRDA:43,29,0,0
BRDA:43,30,0,0
BRDA:43,31,0,0
BRDA:43,32,0,8
BRDA:43,33,0,8
BRDA:43,34,0,5
BRDA:43,35,0,0
BRDA:43,36,0,0
BRDA:43,37,0,3
BRDA:43,38,0,0
BRDA:43,39,0,2
BRDA:43,40,0,0
BRDA:43,41,0,0
BRDA:43,42,0,0
BRDA:43,43,0,0
BRDA:43,44,0,8
BRDA:43,45,0,7
BRDA:43,46,0,1
BRDA:43,47,0,8
BRDA:43,48,0,3
BRDA:43,49,0,1
BRDA:43,50,0,2
BRDA:43,51,0,0
BRDA:43,52,0,1
BRDA:43,53,0,0
BRDA:16,54,0,1
BRDA:18,55,0,2
BRDA:24,56,0,3
BRDA:43,57,0,3
BRDA:43,58,0,8
BRDA:43,59,0,3
BRDA:43,60,0,3
BRDA:31,61,0,1
BRDA:33,62,0,2
BRDA:43,63,0,2
BRF:64
BRH:44
end_of_record
TN:
SF:src\modules\users\services\AuthUserService.ts
FN:1,(empty-report)
FNF:1
FNH:0
FNDA:0,(empty-report)
DA:1,0
DA:2,0
DA:3,0
DA:4,0
DA:5,0
DA:6,0
DA:7,0
DA:8,0
DA:9,0
DA:10,0
DA:11,0
DA:12,0
DA:13,0
DA:14,0
DA:15,0
DA:16,0
DA:17,0
DA:18,0
DA:19,0
DA:20,0
DA:21,0
DA:22,0
DA:23,0
DA:24,0
DA:25,0
DA:26,0
DA:27,0
DA:28,0
DA:29,0
DA:30,0
DA:31,0
DA:32,0
DA:33,0
DA:34,0
DA:35,0
DA:36,0
DA:37,0
DA:38,0
DA:39,0
DA:40,0
DA:41,0
DA:42,0
DA:43,0
DA:44,0
DA:45,0
DA:46,0
DA:47,0
DA:48,0
DA:49,0
DA:50,0
DA:51,0
DA:52,0
DA:53,0
DA:54,0
DA:55,0
LF:55
LH:0
BRDA:1,0,0,0
BRF:1
BRH:0
end_of_record
TN:
SF:src\modules\users\services\CreateUserService.ts
FN:39,Object.<anonymous>
FN:39,Object.<anonymous>.__decorate
FN:39,Object.<anonymous>.__metadata
FN:39,Object.<anonymous>.__param
FN:39,Object.<anonymous>.__awaiter
FN:39,adopt
FN:39,fulfilled
FN:39,rejected
FN:39,step
FN:39,Object.<anonymous>.__generator
FN:39,sent
FN:39,g.<computed>
FN:39,verb
FN:39,step
FN:39,Object.<anonymous>.__importDefault
FN:15,CreateUserService
FN:20,Object.<anonymous>.CreateUserService.execute
FNF:17
FNH:15
FNDA:1,Object.<anonymous>
FNDA:1,Object.<anonymous>.__decorate
FNDA:1,Object.<anonymous>.__metadata
FNDA:1,Object.<anonymous>.__param
FNDA:3,Object.<anonymous>.__awaiter
FNDA:6,adopt
FNDA:5,fulfilled
FNDA:0,rejected
FNDA:8,step
FNDA:3,Object.<anonymous>.__generator
FNDA:5,sent
FNDA:0,g.<computed>
FNDA:9,verb
FNDA:8,step
FNDA:1,Object.<anonymous>.__importDefault
FNDA:2,CreateUserService
FNDA:3,Object.<anonymous>.CreateUserService.execute
DA:1,1
DA:2,1
DA:3,1
DA:4,1
DA:5,1
DA:6,1
DA:7,1
DA:8,1
DA:9,1
DA:10,1
DA:11,1
DA:12,1
DA:13,1
DA:14,1
DA:15,1
DA:16,2
DA:17,2
DA:18,2
DA:19,1
DA:20,1
DA:21,3
DA:22,3
DA:23,3
DA:24,0
DA:25,0
DA:26,3
DA:27,3
DA:28,3
DA:29,3
DA:30,3
DA:31,3
DA:32,3
DA:33,3
DA:34,3
DA:35,3
DA:36,3
DA:37,1
DA:38,1
DA:39,1
LF:39
LH:37
BRDA:39,0,0,1
BRDA:39,1,0,1
BRDA:39,2,0,1
BRDA:39,3,0,0
BRDA:39,4,0,0
BRDA:39,5,0,0
BRDA:39,6,0,0
BRDA:39,7,0,1
BRDA:39,8,0,1
BRDA:39,9,0,1
BRDA:39,10,0,3
BRDA:39,11,0,6
BRDA:39,12,0,0
BRDA:39,13,0,3
BRDA:39,14,0,5
BRDA:39,15,0,0
BRDA:39,16,0,8
BRDA:39,17,0,2
BRDA:39,18,0,6
BRDA:39,19,0,3
BRDA:39,20,0,5
BRDA:39,21,0,0
BRDA:39,22,0,9
BRDA:39,23,0,8
BRDA:39,24,0,8
BRDA:39,25,0,0
BRDA:39,26,0,16
BRDA:39,27,0,0
BRDA:39,28,0,0
BRDA:39,29,0,0
BRDA:39,30,0,0
BRDA:39,31,0,8
BRDA:39,32,0,8
BRDA:39,33,0,6
BRDA:39,34,0,0
BRDA:39,35,0,0
BRDA:39,36,0,2
BRDA:39,37,0,0
BRDA:39,38,0,0
BRDA:39,39,0,0
BRDA:39,40,0,0
BRDA:39,41,0,0
BRDA:39,42,0,8
BRDA:39,43,0,0
BRDA:39,44,0,8
BRDA:39,45,0,2
BRDA:39,46,0,0
BRDA:39,47,0,2
BRDA:39,48,0,0
BRDA:39,49,0,1
BRDA:39,50,0,0
BRDA:14,51,0,1
BRDA:15,52,0,2
BRDA:20,53,0,3
BRDA:39,54,0,3
BRDA:39,55,0,8
BRDA:21,56,0,3
BRDA:39,57,0,3
BRDA:23,58,0,0
BRDA:39,59,0,2
BRF:60
BRH:36
end_of_record
TN:
SF:src\modules\users\services\UpdateUserAvatarService.ts
FN:1,(empty-report)
FNF:1
FNH:0
FNDA:0,(empty-report)
DA:1,0
DA:2,0
DA:3,0
DA:4,0
DA:5,0
DA:6,0
DA:7,0
DA:8,0
DA:9,0
DA:10,0
DA:11,0
DA:12,0
DA:13,0
DA:14,0
DA:15,0
DA:16,0
DA:17,0
DA:18,0
DA:19,0
DA:20,0
DA:21,0
DA:22,0
DA:23,0
DA:24,0
DA:25,0
DA:26,0
DA:27,0
DA:28,0
DA:29,0
DA:30,0
DA:31,0
DA:32,0
DA:33,0
DA:34,0
DA:35,0
DA:36,0
DA:37,0
DA:38,0
DA:39,0
DA:40,0
DA:41,0
DA:42,0
DA:43,0
DA:44,0
DA:45,0
DA:46,0
DA:47,0
DA:48,0
DA:49,0
DA:50,0
LF:50
LH:0
BRDA:1,0,0,0
BRF:1
BRH:0
end_of_record
